#
# There is insufficient memory for the Java Runtime Environment to continue.
# Native memory allocation (malloc) failed to allocate 2087904 bytes for Chunk::new
# Possible reasons:
#   The system is out of physical RAM or swap space
#   The process is running with CompressedOops enabled, and the Java Heap may be blocking the growth of the native heap
# Possible solutions:
#   Reduce memory load on the system
#   Increase physical memory or swap space
#   Check if swap backing store is full
#   Decrease Java heap size (-Xmx/-Xms)
#   Decrease number of Java threads
#   Decrease Java thread stack sizes (-Xss)
#   Set larger code cache with -XX:ReservedCodeCacheSize=
#   JVM is running with Unscaled Compressed Oops mode in which the Java heap is
#     placed in the first 4GB address space. The Java Heap base address is the
#     maximum limit for the native heap growth. Please use -XX:HeapBaseMinAddress
#     to set the Java Heap base and to place the Java Heap above 4GB virtual address.
# This output file may be truncated or incomplete.
#
#  Out of Memory Error (arena.cpp:189), pid=12460, tid=6304
#
# JRE version: Java(TM) SE Runtime Environment (17.0.8+9) (build 17.0.8+9-LTS-211)
# Java VM: Java HotSpot(TM) 64-Bit Server VM (17.0.8+9-LTS-211, mixed mode, sharing, tiered, compressed oops, compressed class ptrs, g1 gc, windows-amd64)
# No core dump will be written. Minidumps are not enabled by default on client versions of Windows
#

---------------  S U M M A R Y ------------

Command Line: -Dcom.sun.management.jmxremote -Dcom.sun.management.jmxremote.port=57515 -Dcom.sun.management.jmxremote.authenticate=false -Dcom.sun.management.jmxremote.ssl=false -Dspring.jmx.enabled=true -Djava.rmi.server.hostname=localhost -Dspring.application.admin.enabled=true -Dspring.boot.project.name=catalogue -XX:+ShowCodeDetailsInExceptionMessages com.apapedia.catalogue.CatalogueApplication

Host: Intel(R) Core(TM) i7-10510U CPU @ 1.80GHz, 8 cores, 7G,  Windows 11 , 64 bit Build 22621 (10.0.22621.2506)
Time: Thu Dec 14 11:17:20 2023 SE Asia Standard Time elapsed time: 17.326447 seconds (0d 0h 0m 17s)

---------------  T H R E A D  ---------------

Current thread (0x00000260fbc0fa00):  JavaThread "C2 CompilerThread0" daemon [_thread_in_native, id=6304, stack(0x000000bcc0100000,0x000000bcc0200000)]


Current CompileTask:
C2:  17326 4974       4       org.springframework.core.annotation.TypeMappedAnnotations::scan (66 bytes)

Stack: [0x000000bcc0100000,0x000000bcc0200000]
Native frames: (J=compiled Java code, j=interpreted, Vv=VM code, C=native code)
V  [jvm.dll+0x677d0a]
V  [jvm.dll+0x7d8c54]
V  [jvm.dll+0x7da3fe]
V  [jvm.dll+0x7daa63]
V  [jvm.dll+0x245c5f]
V  [jvm.dll+0xaaa6b]
V  [jvm.dll+0xab00c]
V  [jvm.dll+0x361e8e]
V  [jvm.dll+0x32c551]
V  [jvm.dll+0x32b9ea]
V  [jvm.dll+0x217fff]
V  [jvm.dll+0x217431]
V  [jvm.dll+0x1a3af0]
V  [jvm.dll+0x2270be]
V  [jvm.dll+0x22535b]
V  [jvm.dll+0x78e7bc]
V  [jvm.dll+0x788bba]
V  [jvm.dll+0x676b35]
C  [ucrtbase.dll+0x29363]
C  [KERNEL32.DLL+0x1257d]
C  [ntdll.dll+0x5aa58]


---------------  P R O C E S S  ---------------

Threads class SMR info:
_java_thread_list=0x00000260c8c6f910, length=24, elements={
0x00000260dbbc8e50, 0x00000260fbbe96a0, 0x00000260fbbea510, 0x00000260fbbfe1f0,
0x00000260fbc00bc0, 0x00000260fbc01570, 0x00000260fbc01f20, 0x00000260fbc0fa00,
0x00000260fbc1c500, 0x00000260fbc36750, 0x00000260fbc5e6b0, 0x00000260c5252050,
0x00000260c58b3e40, 0x00000260c58a3a70, 0x00000260c5a72ac0, 0x00000260c61dd2f0,
0x00000260c61dd7c0, 0x00000260c7543d70, 0x00000260c7542090, 0x00000260c75450b0,
0x00000260c7545580, 0x00000260c7544240, 0x00000260c75433d0, 0x00000260fbc1b0c0
}

Java Threads: ( => current thread )
  0x00000260dbbc8e50 JavaThread "main" [_thread_blocked, id=11748, stack(0x000000bcbf400000,0x000000bcbf500000)]
  0x00000260fbbe96a0 JavaThread "Reference Handler" daemon [_thread_blocked, id=25260, stack(0x000000bcbfb00000,0x000000bcbfc00000)]
  0x00000260fbbea510 JavaThread "Finalizer" daemon [_thread_blocked, id=18628, stack(0x000000bcbfc00000,0x000000bcbfd00000)]
  0x00000260fbbfe1f0 JavaThread "Signal Dispatcher" daemon [_thread_blocked, id=10848, stack(0x000000bcbfd00000,0x000000bcbfe00000)]
  0x00000260fbc00bc0 JavaThread "Attach Listener" daemon [_thread_blocked, id=15400, stack(0x000000bcbfe00000,0x000000bcbff00000)]
  0x00000260fbc01570 JavaThread "Service Thread" daemon [_thread_blocked, id=11204, stack(0x000000bcbff00000,0x000000bcc0000000)]
  0x00000260fbc01f20 JavaThread "Monitor Deflation Thread" daemon [_thread_blocked, id=22696, stack(0x000000bcc0000000,0x000000bcc0100000)]
=>0x00000260fbc0fa00 JavaThread "C2 CompilerThread0" daemon [_thread_in_native, id=6304, stack(0x000000bcc0100000,0x000000bcc0200000)]
  0x00000260fbc1c500 JavaThread "C1 CompilerThread0" daemon [_thread_blocked, id=3884, stack(0x000000bcc0200000,0x000000bcc0300000)]
  0x00000260fbc36750 JavaThread "Sweeper thread" daemon [_thread_blocked, id=7680, stack(0x000000bcc0300000,0x000000bcc0400000)]
  0x00000260fbc5e6b0 JavaThread "Common-Cleaner" daemon [_thread_blocked, id=19324, stack(0x000000bcc0400000,0x000000bcc0500000)]
  0x00000260c5252050 JavaThread "Notification Thread" daemon [_thread_blocked, id=15564, stack(0x000000bcc0500000,0x000000bcc0600000)]
  0x00000260c58b3e40 JavaThread "RMI TCP Accept-0" daemon [_thread_in_native, id=15512, stack(0x000000bcc0600000,0x000000bcc0700000)]
  0x00000260c58a3a70 JavaThread "RMI TCP Accept-57515" daemon [_thread_in_native, id=19820, stack(0x000000bcc0700000,0x000000bcc0800000)]
  0x00000260c5a72ac0 JavaThread "RMI TCP Accept-0" daemon [_thread_in_native, id=24456, stack(0x000000bcc0800000,0x000000bcc0900000)]
  0x00000260c61dd2f0 JavaThread "Thread-0" [_thread_blocked, id=24996, stack(0x000000bcc1200000,0x000000bcc1300000)]
  0x00000260c61dd7c0 JavaThread "restartedMain" [_thread_in_native, id=10836, stack(0x000000bcc1300000,0x000000bcc1400000)]
  0x00000260c7543d70 JavaThread "Catalina-utility-1" [_thread_blocked, id=13556, stack(0x000000bcc1500000,0x000000bcc1600000)]
  0x00000260c7542090 JavaThread "Catalina-utility-2" [_thread_blocked, id=23936, stack(0x000000bcc1700000,0x000000bcc1800000)]
  0x00000260c75450b0 JavaThread "container-0" [_thread_blocked, id=19088, stack(0x000000bcc1800000,0x000000bcc1900000)]
  0x00000260c7545580 JavaThread "PostgreSQL-JDBC-Cleaner" daemon [_thread_blocked, id=21660, stack(0x000000bcc1400000,0x000000bcc1500000)]
  0x00000260c7544240 JavaThread "HikariPool-1 housekeeper" daemon [_thread_blocked, id=10308, stack(0x000000bcc1a00000,0x000000bcc1b00000)]
  0x00000260c75433d0 JavaThread "HikariPool-1 connection adder" daemon [_thread_blocked, id=19844, stack(0x000000bcc1b00000,0x000000bcc1c00000)]
  0x00000260fbc1b0c0 JavaThread "C2 CompilerThread1" daemon [_thread_in_native, id=14724, stack(0x000000bcc1c00000,0x000000bcc1d00000)]

Other Threads:
  0x00000260fbbe2ee0 VMThread "VM Thread" [stack: 0x000000bcbfa00000,0x000000bcbfb00000] [id=13572]
  0x00000260dbc4e360 WatcherThread [stack: 0x000000bcc0900000,0x000000bcc0a00000] [id=9052]
  0x00000260dbc2cb90 GCTaskThread "GC Thread#0" [stack: 0x000000bcbf500000,0x000000bcbf600000] [id=22200]
  0x00000260c617a4e0 GCTaskThread "GC Thread#1" [stack: 0x000000bcc0a00000,0x000000bcc0b00000] [id=3988]
  0x00000260c60e0160 GCTaskThread "GC Thread#2" [stack: 0x000000bcc0b00000,0x000000bcc0c00000] [id=24832]
  0x00000260c60e36b0 GCTaskThread "GC Thread#3" [stack: 0x000000bcc0c00000,0x000000bcc0d00000] [id=18364]
  0x00000260c60f4220 GCTaskThread "GC Thread#4" [stack: 0x000000bcc0d00000,0x000000bcc0e00000] [id=11684]
  0x00000260c60f44d0 GCTaskThread "GC Thread#5" [stack: 0x000000bcc0e00000,0x000000bcc0f00000] [id=8876]
  0x00000260c6128980 GCTaskThread "GC Thread#6" [stack: 0x000000bcc0f00000,0x000000bcc1000000] [id=5520]
  0x00000260c6128c30 GCTaskThread "GC Thread#7" [stack: 0x000000bcc1000000,0x000000bcc1100000] [id=7296]
  0x00000260dbc3e660 ConcurrentGCThread "G1 Main Marker" [stack: 0x000000bcbf600000,0x000000bcbf700000] [id=20088]
  0x00000260dbc3f070 ConcurrentGCThread "G1 Conc#0" [stack: 0x000000bcbf700000,0x000000bcbf800000] [id=17124]
  0x00000260c688a070 ConcurrentGCThread "G1 Conc#1" [stack: 0x000000bcc1600000,0x000000bcc1700000] [id=12444]
  0x00000260dbc7e630 ConcurrentGCThread "G1 Refine#0" [stack: 0x000000bcbf800000,0x000000bcbf900000] [id=24160]
  0x00000260c60f3a30 ConcurrentGCThread "G1 Refine#1" [stack: 0x000000bcc1100000,0x000000bcc1200000] [id=12652]
  0x00000260fba9e280 ConcurrentGCThread "G1 Service" [stack: 0x000000bcbf900000,0x000000bcbfa00000] [id=24120]

Threads with active compile tasks:
C2 CompilerThread0    17373 4974       4       org.springframework.core.annotation.TypeMappedAnnotations::scan (66 bytes)
C2 CompilerThread1    17373 5115       4       java.util.concurrent.ConcurrentMap::computeIfAbsent (51 bytes)

VM state: not at safepoint (normal execution)

VM Mutex/Monitor currently owned by a thread: None

Heap address: 0x0000000082400000, size: 2012 MB, Compressed Oops mode: 32-bit

CDS archive(s) mapped at: [0x0000026080000000-0x0000026080bd0000-0x0000026080bd0000), size 12386304, SharedBaseAddress: 0x0000026080000000, ArchiveRelocationMode: 1.
Compressed class space mapped at: 0x0000026081000000-0x00000260c1000000, reserved size: 1073741824
Narrow klass base: 0x0000026080000000, Narrow klass shift: 0, Narrow klass range: 0x100000000

GC Precious Log:
 CPUs: 8 total, 8 available
 Memory: 8042M
 Large Page Support: Disabled
 NUMA Support: Disabled
 Compressed Oops: Enabled (32-bit)
 Heap Region Size: 1M
 Heap Min Capacity: 8M
 Heap Initial Capacity: 126M
 Heap Max Capacity: 2012M
 Pre-touch: Disabled
 Parallel Workers: 8
 Concurrent Workers: 2
 Concurrent Refinement Workers: 8
 Periodic GC: Disabled

Heap:
 garbage-first heap   total 55296K, used 39963K [0x0000000082400000, 0x0000000100000000)
  region size 1024K, 18 young (18432K), 3 survivors (3072K)
 Metaspace       used 60042K, committed 60608K, reserved 1114112K
  class space    used 8365K, committed 8640K, reserved 1048576K

Heap Regions: E=young(eden), S=young(survivor), O=old, HS=humongous(starts), HC=humongous(continues), CS=collection set, F=free, OA=open archive, CA=closed archive, TAMS=top-at-mark-start (previous, next)
|   0|0x0000000082400000, 0x0000000082500000, 0x0000000082500000|100%|HS|  |TAMS 0x0000000082500000, 0x0000000082400000| Complete 
|   1|0x0000000082500000, 0x0000000082600000, 0x0000000082600000|100%| O|  |TAMS 0x0000000082600000, 0x0000000082500000| Untracked 
|   2|0x0000000082600000, 0x0000000082700000, 0x0000000082700000|100%| O|  |TAMS 0x0000000082700000, 0x0000000082600000| Untracked 
|   3|0x0000000082700000, 0x0000000082800000, 0x0000000082800000|100%| O|  |TAMS 0x0000000082800000, 0x0000000082700000| Untracked 
|   4|0x0000000082800000, 0x0000000082900000, 0x0000000082900000|100%| O|  |TAMS 0x0000000082900000, 0x0000000082800000| Untracked 
|   5|0x0000000082900000, 0x0000000082a00000, 0x0000000082a00000|100%| O|  |TAMS 0x0000000082a00000, 0x0000000082900000| Untracked 
|   6|0x0000000082a00000, 0x0000000082b00000, 0x0000000082b00000|100%| O|  |TAMS 0x0000000082b00000, 0x0000000082a00000| Untracked 
|   7|0x0000000082b00000, 0x0000000082c00000, 0x0000000082c00000|100%| O|  |TAMS 0x0000000082c00000, 0x0000000082b00000| Untracked 
|   8|0x0000000082c00000, 0x0000000082d00000, 0x0000000082d00000|100%| O|  |TAMS 0x0000000082d00000, 0x0000000082c00000| Untracked 
|   9|0x0000000082d00000, 0x0000000082e00000, 0x0000000082e00000|100%| O|  |TAMS 0x0000000082e00000, 0x0000000082d00000| Untracked 
|  10|0x0000000082e00000, 0x0000000082f00000, 0x0000000082f00000|100%| O|  |TAMS 0x0000000082f00000, 0x0000000082e00000| Untracked 
|  11|0x0000000082f00000, 0x0000000083000000, 0x0000000083000000|100%| O|  |TAMS 0x0000000083000000, 0x0000000082f00000| Untracked 
|  12|0x0000000083000000, 0x0000000083100000, 0x0000000083100000|100%| O|  |TAMS 0x0000000083100000, 0x0000000083000000| Untracked 
|  13|0x0000000083100000, 0x0000000083200000, 0x0000000083200000|100%| O|  |TAMS 0x0000000083200000, 0x0000000083100000| Untracked 
|  14|0x0000000083200000, 0x0000000083300000, 0x0000000083300000|100%| O|  |TAMS 0x00000000832a5a00, 0x0000000083200000| Untracked 
|  15|0x0000000083300000, 0x0000000083400000, 0x0000000083400000|100%| O|  |TAMS 0x0000000083400000, 0x0000000083300000| Untracked 
|  16|0x0000000083400000, 0x0000000083500000, 0x0000000083500000|100%| O|  |TAMS 0x0000000083500000, 0x0000000083400000| Untracked 
|  17|0x0000000083500000, 0x0000000083600000, 0x0000000083600000|100%| O|  |TAMS 0x0000000083600000, 0x0000000083500000| Untracked 
|  18|0x0000000083600000, 0x0000000083700000, 0x0000000083700000|100%| O|  |TAMS 0x0000000083700000, 0x0000000083600000| Untracked 
|  19|0x0000000083700000, 0x0000000083800000, 0x0000000083800000|100%| O|  |TAMS 0x0000000083800000, 0x0000000083700000| Complete 
|  20|0x0000000083800000, 0x0000000083900000, 0x0000000083900000|100%| O|  |TAMS 0x0000000083900000, 0x0000000083800000| Untracked 
|  21|0x0000000083900000, 0x0000000083a00000, 0x0000000083a00000|100%| O|  |TAMS 0x0000000083a00000, 0x0000000083900000| Untracked 
|  22|0x0000000083a00000, 0x0000000083a62200, 0x0000000083b00000| 38%| O|  |TAMS 0x0000000083a00000, 0x0000000083a00000| Untracked 
|  23|0x0000000083b00000, 0x0000000083b00000, 0x0000000083c00000|  0%| F|  |TAMS 0x0000000083b00000, 0x0000000083b00000| Untracked 
|  24|0x0000000083c00000, 0x0000000083c00000, 0x0000000083d00000|  0%| F|  |TAMS 0x0000000083c00000, 0x0000000083c00000| Untracked 
|  25|0x0000000083d00000, 0x0000000083d00000, 0x0000000083e00000|  0%| F|  |TAMS 0x0000000083d00000, 0x0000000083d00000| Untracked 
|  26|0x0000000083e00000, 0x0000000083e00000, 0x0000000083f00000|  0%| F|  |TAMS 0x0000000083e00000, 0x0000000083e00000| Untracked 
|  27|0x0000000083f00000, 0x0000000083f00000, 0x0000000084000000|  0%| F|  |TAMS 0x0000000083f00000, 0x0000000083f00000| Untracked 
|  28|0x0000000084000000, 0x0000000084000000, 0x0000000084100000|  0%| F|  |TAMS 0x0000000084000000, 0x0000000084000000| Untracked 
|  29|0x0000000084100000, 0x0000000084100000, 0x0000000084200000|  0%| F|  |TAMS 0x0000000084100000, 0x0000000084100000| Untracked 
|  30|0x0000000084200000, 0x0000000084200000, 0x0000000084300000|  0%| F|  |TAMS 0x0000000084200000, 0x0000000084200000| Untracked 
|  31|0x0000000084300000, 0x0000000084300000, 0x0000000084400000|  0%| F|  |TAMS 0x0000000084300000, 0x0000000084300000| Untracked 
|  32|0x0000000084400000, 0x0000000084400000, 0x0000000084500000|  0%| F|  |TAMS 0x0000000084400000, 0x0000000084400000| Untracked 
|  33|0x0000000084500000, 0x0000000084500000, 0x0000000084600000|  0%| F|  |TAMS 0x0000000084500000, 0x0000000084500000| Untracked 
|  34|0x0000000084600000, 0x0000000084600000, 0x0000000084700000|  0%| F|  |TAMS 0x0000000084600000, 0x0000000084600000| Untracked 
|  35|0x0000000084700000, 0x0000000084700000, 0x0000000084800000|  0%| F|  |TAMS 0x0000000084700000, 0x0000000084700000| Untracked 
|  36|0x0000000084800000, 0x00000000848b5488, 0x0000000084900000| 70%| E|  |TAMS 0x0000000084800000, 0x0000000084800000| Complete 
|  37|0x0000000084900000, 0x00000000849a4c60, 0x0000000084a00000| 64%| S|CS|TAMS 0x0000000084900000, 0x0000000084900000| Complete 
|  38|0x0000000084a00000, 0x0000000084b00000, 0x0000000084b00000|100%| S|CS|TAMS 0x0000000084a00000, 0x0000000084a00000| Complete 
|  39|0x0000000084b00000, 0x0000000084c00000, 0x0000000084c00000|100%| S|CS|TAMS 0x0000000084b00000, 0x0000000084b00000| Complete 
|  40|0x0000000084c00000, 0x0000000084d00000, 0x0000000084d00000|100%| E|CS|TAMS 0x0000000084c00000, 0x0000000084c00000| Complete 
|  41|0x0000000084d00000, 0x0000000084e00000, 0x0000000084e00000|100%| E|CS|TAMS 0x0000000084d00000, 0x0000000084d00000| Complete 
|  42|0x0000000084e00000, 0x0000000084f00000, 0x0000000084f00000|100%| E|CS|TAMS 0x0000000084e00000, 0x0000000084e00000| Complete 
|  43|0x0000000084f00000, 0x0000000085000000, 0x0000000085000000|100%| E|CS|TAMS 0x0000000084f00000, 0x0000000084f00000| Complete 
|  44|0x0000000085000000, 0x0000000085100000, 0x0000000085100000|100%| E|CS|TAMS 0x0000000085000000, 0x0000000085000000| Complete 
|  45|0x0000000085100000, 0x0000000085200000, 0x0000000085200000|100%| E|CS|TAMS 0x0000000085100000, 0x0000000085100000| Complete 
|  46|0x0000000085200000, 0x0000000085300000, 0x0000000085300000|100%| E|CS|TAMS 0x0000000085200000, 0x0000000085200000| Complete 
| 117|0x0000000089900000, 0x0000000089a00000, 0x0000000089a00000|100%| E|CS|TAMS 0x0000000089900000, 0x0000000089900000| Complete 
| 118|0x0000000089a00000, 0x0000000089b00000, 0x0000000089b00000|100%| E|CS|TAMS 0x0000000089a00000, 0x0000000089a00000| Complete 
| 119|0x0000000089b00000, 0x0000000089c00000, 0x0000000089c00000|100%| E|CS|TAMS 0x0000000089b00000, 0x0000000089b00000| Complete 
| 120|0x0000000089c00000, 0x0000000089d00000, 0x0000000089d00000|100%| E|CS|TAMS 0x0000000089c00000, 0x0000000089c00000| Complete 
| 121|0x0000000089d00000, 0x0000000089e00000, 0x0000000089e00000|100%| E|CS|TAMS 0x0000000089d00000, 0x0000000089d00000| Complete 
| 124|0x000000008a000000, 0x000000008a100000, 0x000000008a100000|100%| E|CS|TAMS 0x000000008a000000, 0x000000008a000000| Complete 
| 125|0x000000008a100000, 0x000000008a200000, 0x000000008a200000|100%| E|CS|TAMS 0x000000008a100000, 0x000000008a100000| Complete 

Card table byte_map: [0x00000260f4a90000,0x00000260f4e80000] _byte_map_base: 0x00000260f467e000

Marking Bits (Prev, Next): (CMBitMap*) 0x00000260dbc2e1f0, (CMBitMap*) 0x00000260dbc2e1b0
 Prev Bits: [0x00000260f71e0000, 0x00000260f9150000)
 Next Bits: [0x00000260f5270000, 0x00000260f71e0000)

Polling page: 0x00000260dbc80000

Metaspace:

Usage:
  Non-class:     50.47 MB used.
      Class:      8.17 MB used.
       Both:     58.64 MB used.

Virtual space:
  Non-class space:       64.00 MB reserved,      50.75 MB ( 79%) committed,  1 nodes.
      Class space:        1.00 GB reserved,       8.44 MB ( <1%) committed,  1 nodes.
             Both:        1.06 GB reserved,      59.19 MB (  5%) committed. 

Chunk freelists:
   Non-Class:  13.03 MB
       Class:  7.41 MB
        Both:  20.44 MB

MaxMetaspaceSize: unlimited
CompressedClassSpaceSize: 1.00 GB
Initial GC threshold: 21.00 MB
Current GC threshold: 98.44 MB
CDS: on
MetaspaceReclaimPolicy: balanced
 - commit_granule_bytes: 65536.
 - commit_granule_words: 8192.
 - virtual_space_node_default_size: 8388608.
 - enlarge_chunks_in_place: 1.
 - new_chunks_are_fully_committed: 0.
 - uncommit_free_chunks: 1.
 - use_allocation_guard: 0.
 - handle_deallocations: 1.


Internal statistics:

num_allocs_failed_limit: 9.
num_arena_births: 706.
num_arena_deaths: 0.
num_vsnodes_births: 2.
num_vsnodes_deaths: 0.
num_space_committed: 947.
num_space_uncommitted: 0.
num_chunks_returned_to_freelist: 9.
num_chunks_taken_from_freelist: 2816.
num_chunk_merges: 9.
num_chunk_splits: 2075.
num_chunks_enlarged: 1631.
num_purges: 0.
num_inconsistent_stats: 0.

CodeHeap 'non-profiled nmethods': size=120000Kb used=3192Kb max_used=3192Kb free=116807Kb
 bounds [0x00000260ec700000, 0x00000260eca20000, 0x00000260f3c30000]
CodeHeap 'profiled nmethods': size=120000Kb used=10502Kb max_used=10502Kb free=109497Kb
 bounds [0x00000260e4c30000, 0x00000260e5680000, 0x00000260ec160000]
CodeHeap 'non-nmethods': size=5760Kb used=1321Kb max_used=1393Kb free=4438Kb
 bounds [0x00000260ec160000, 0x00000260ec3d0000, 0x00000260ec700000]
 total_blobs=5745 nmethods=5088 adapters=567
 compilation: enabled
              stopped_count=0, restarted_count=0
 full_count=0

Compilation events (20 events):
Event: 17.024 Thread 0x00000260fbc1c500 5119   !   3       java.util.stream.ReferencePipeline$7$1::accept (127 bytes)
Event: 17.025 Thread 0x00000260fbc1c500 nmethod 5119 0x00000260e566de10 code [0x00000260e566e0a0, 0x00000260e566f058]
Event: 17.108 Thread 0x00000260fbc1c500 5122       2       org.springframework.data.repository.core.RepositoryInformationSupport$$Lambda$1285/0x0000026081886938::test (12 bytes)
Event: 17.109 Thread 0x00000260fbc1c500 nmethod 5122 0x00000260e566f690 code [0x00000260e566f840, 0x00000260e566f9c8]
Event: 17.114 Thread 0x00000260fbc1c500 5125       3       java.lang.Iterable::spliterator (11 bytes)
Event: 17.115 Thread 0x00000260fbc1c500 nmethod 5125 0x00000260e566fa90 code [0x00000260e566fc80, 0x00000260e56702f8]
Event: 17.215 Thread 0x00000260fbc1b0c0 nmethod 4970 0x00000260eca15d90 code [0x00000260eca161a0, 0x00000260eca1a1a8]
Event: 17.216 Thread 0x00000260fbc1b0c0 5065       4       org.springframework.util.ConcurrentReferenceHashMap$Segment::getReference (55 bytes)
Event: 17.257 Thread 0x00000260fbc1b0c0 nmethod 5065 0x00000260eca1c910 code [0x00000260eca1cb80, 0x00000260eca1d9e0]
Event: 17.258 Thread 0x00000260fbc1b0c0 5115       4       java.util.concurrent.ConcurrentMap::computeIfAbsent (51 bytes)
Event: 17.298 Thread 0x00000260fbc1c500 5132       2       org.springframework.data.util.Lazy::of (9 bytes)
Event: 17.298 Thread 0x00000260fbc1c500 nmethod 5132 0x00000260e5670510 code [0x00000260e56706a0, 0x00000260e5670838]
Event: 17.300 Thread 0x00000260fbc1c500 5133       2       java.nio.HeapByteBuffer::put (16 bytes)
Event: 17.300 Thread 0x00000260fbc1c500 nmethod 5133 0x00000260e5670910 code [0x00000260e5670ac0, 0x00000260e5670c88]
Event: 17.300 Thread 0x00000260fbc1c500 5134       2       java.nio.Buffer::nextPutIndex (30 bytes)
Event: 17.301 Thread 0x00000260fbc1c500 nmethod 5134 0x00000260e5670e10 code [0x00000260e5670fc0, 0x00000260e5671128]
Event: 17.316 Thread 0x00000260fbc1c500 5135       2       ch.qos.logback.core.pattern.Converter::write (11 bytes)
Event: 17.316 Thread 0x00000260fbc1c500 nmethod 5135 0x00000260e5671210 code [0x00000260e56713c0, 0x00000260e5671518]
Event: 17.316 Thread 0x00000260fbc1c500 5136       2       ch.qos.logback.core.pattern.LiteralConverter::convert (5 bytes)
Event: 17.316 Thread 0x00000260fbc1c500 nmethod 5136 0x00000260e5671610 code [0x00000260e56717a0, 0x00000260e56718b8]

GC Heap History (20 events):
Event: 7.897 GC heap before
{Heap before GC invocations=8 (full 0):
 garbage-first heap   total 55296K, used 39988K [0x0000000082400000, 0x0000000100000000)
  region size 1024K, 26 young (26624K), 2 survivors (2048K)
 Metaspace       used 30448K, committed 30848K, reserved 1114112K
  class space    used 4027K, committed 4224K, reserved 1048576K
}
Event: 7.901 GC heap after
{Heap after GC invocations=9 (full 0):
 garbage-first heap   total 55296K, used 17471K [0x0000000082400000, 0x0000000100000000)
  region size 1024K, 4 young (4096K), 4 survivors (4096K)
 Metaspace       used 30448K, committed 30848K, reserved 1114112K
  class space    used 4027K, committed 4224K, reserved 1048576K
}
Event: 9.352 GC heap before
{Heap before GC invocations=9 (full 0):
 garbage-first heap   total 55296K, used 39999K [0x0000000082400000, 0x0000000100000000)
  region size 1024K, 26 young (26624K), 4 survivors (4096K)
 Metaspace       used 33641K, committed 34112K, reserved 1114112K
  class space    used 4426K, committed 4672K, reserved 1048576K
}
Event: 9.359 GC heap after
{Heap after GC invocations=10 (full 0):
 garbage-first heap   total 55296K, used 19796K [0x0000000082400000, 0x0000000100000000)
  region size 1024K, 3 young (3072K), 3 survivors (3072K)
 Metaspace       used 33641K, committed 34112K, reserved 1114112K
  class space    used 4426K, committed 4672K, reserved 1048576K
}
Event: 10.099 GC heap before
{Heap before GC invocations=10 (full 0):
 garbage-first heap   total 55296K, used 34132K [0x0000000082400000, 0x0000000100000000)
  region size 1024K, 18 young (18432K), 3 survivors (3072K)
 Metaspace       used 35682K, committed 36096K, reserved 1114112K
  class space    used 4691K, committed 4928K, reserved 1048576K
}
Event: 10.104 GC heap after
{Heap after GC invocations=11 (full 0):
 garbage-first heap   total 55296K, used 20718K [0x0000000082400000, 0x0000000100000000)
  region size 1024K, 1 young (1024K), 1 survivors (1024K)
 Metaspace       used 35682K, committed 36096K, reserved 1114112K
  class space    used 4691K, committed 4928K, reserved 1048576K
}
Event: 10.986 GC heap before
{Heap before GC invocations=12 (full 0):
 garbage-first heap   total 55296K, used 42222K [0x0000000082400000, 0x0000000100000000)
  region size 1024K, 22 young (22528K), 1 survivors (1024K)
 Metaspace       used 39534K, committed 40000K, reserved 1114112K
  class space    used 5336K, committed 5568K, reserved 1048576K
}
Event: 10.989 GC heap after
{Heap after GC invocations=13 (full 0):
 garbage-first heap   total 55296K, used 21281K [0x0000000082400000, 0x0000000100000000)
  region size 1024K, 2 young (2048K), 2 survivors (2048K)
 Metaspace       used 39534K, committed 40000K, reserved 1114112K
  class space    used 5336K, committed 5568K, reserved 1048576K
}
Event: 11.034 GC heap before
{Heap before GC invocations=13 (full 0):
 garbage-first heap   total 55296K, used 22305K [0x0000000082400000, 0x0000000100000000)
  region size 1024K, 3 young (3072K), 2 survivors (2048K)
 Metaspace       used 39727K, committed 40192K, reserved 1114112K
  class space    used 5364K, committed 5568K, reserved 1048576K
}
Event: 11.037 GC heap after
{Heap after GC invocations=14 (full 0):
 garbage-first heap   total 55296K, used 21088K [0x0000000082400000, 0x0000000100000000)
  region size 1024K, 1 young (1024K), 1 survivors (1024K)
 Metaspace       used 39727K, committed 40192K, reserved 1114112K
  class space    used 5364K, committed 5568K, reserved 1048576K
}
Event: 12.354 GC heap before
{Heap before GC invocations=14 (full 0):
 garbage-first heap   total 55296K, used 42592K [0x0000000082400000, 0x0000000100000000)
  region size 1024K, 22 young (22528K), 1 survivors (1024K)
 Metaspace       used 44533K, committed 45056K, reserved 1114112K
  class space    used 5978K, committed 6208K, reserved 1048576K
}
Event: 12.357 GC heap after
{Heap after GC invocations=15 (full 0):
 garbage-first heap   total 55296K, used 22195K [0x0000000082400000, 0x0000000100000000)
  region size 1024K, 2 young (2048K), 2 survivors (2048K)
 Metaspace       used 44533K, committed 45056K, reserved 1114112K
  class space    used 5978K, committed 6208K, reserved 1048576K
}
Event: 13.034 GC heap before
{Heap before GC invocations=15 (full 0):
 garbage-first heap   total 55296K, used 42675K [0x0000000082400000, 0x0000000100000000)
  region size 1024K, 22 young (22528K), 2 survivors (2048K)
 Metaspace       used 48310K, committed 48832K, reserved 1114112K
  class space    used 6491K, committed 6720K, reserved 1048576K
}
Event: 13.037 GC heap after
{Heap after GC invocations=16 (full 0):
 garbage-first heap   total 55296K, used 22978K [0x0000000082400000, 0x0000000100000000)
  region size 1024K, 3 young (3072K), 3 survivors (3072K)
 Metaspace       used 48310K, committed 48832K, reserved 1114112K
  class space    used 6491K, committed 6720K, reserved 1048576K
}
Event: 13.806 GC heap before
{Heap before GC invocations=16 (full 0):
 garbage-first heap   total 55296K, used 42434K [0x0000000082400000, 0x0000000100000000)
  region size 1024K, 23 young (23552K), 3 survivors (3072K)
 Metaspace       used 53197K, committed 53760K, reserved 1114112K
  class space    used 7353K, committed 7616K, reserved 1048576K
}
Event: 13.810 GC heap after
{Heap after GC invocations=17 (full 0):
 garbage-first heap   total 55296K, used 23650K [0x0000000082400000, 0x0000000100000000)
  region size 1024K, 2 young (2048K), 2 survivors (2048K)
 Metaspace       used 53197K, committed 53760K, reserved 1114112K
  class space    used 7353K, committed 7616K, reserved 1048576K
}
Event: 15.921 GC heap before
{Heap before GC invocations=17 (full 0):
 garbage-first heap   total 55296K, used 44130K [0x0000000082400000, 0x0000000100000000)
  region size 1024K, 22 young (22528K), 2 survivors (2048K)
 Metaspace       used 57452K, committed 58048K, reserved 1114112K
  class space    used 7998K, committed 8256K, reserved 1048576K
}
Event: 15.924 GC heap after
{Heap after GC invocations=18 (full 0):
 garbage-first heap   total 55296K, used 24351K [0x0000000082400000, 0x0000000100000000)
  region size 1024K, 3 young (3072K), 3 survivors (3072K)
 Metaspace       used 57452K, committed 58048K, reserved 1114112K
  class space    used 7998K, committed 8256K, reserved 1048576K
}
Event: 16.851 GC heap before
{Heap before GC invocations=18 (full 0):
 garbage-first heap   total 55296K, used 37663K [0x0000000082400000, 0x0000000100000000)
  region size 1024K, 17 young (17408K), 3 survivors (3072K)
 Metaspace       used 59784K, committed 60288K, reserved 1114112K
  class space    used 8275K, committed 8512K, reserved 1048576K
}
Event: 16.856 GC heap after
{Heap after GC invocations=19 (full 0):
 garbage-first heap   total 55296K, used 25627K [0x0000000082400000, 0x0000000100000000)
  region size 1024K, 3 young (3072K), 3 survivors (3072K)
 Metaspace       used 59784K, committed 60288K, reserved 1114112K
  class space    used 8275K, committed 8512K, reserved 1048576K
}

Deoptimization events (20 events):
Event: 16.570 Thread 0x00000260c61dd7c0 DEOPT PACKING pc=0x00000260ec8b75d8 sp=0x000000bcc13fc260
Event: 16.570 Thread 0x00000260c61dd7c0 DEOPT UNPACKING pc=0x00000260ec1b23a3 sp=0x000000bcc13fc238 mode 2
Event: 16.570 Thread 0x00000260c61dd7c0 Uncommon trap: trap_request=0xffffffde fr.pc=0x00000260ec8b75d8 relative=0x00000000000021b8
Event: 16.570 Thread 0x00000260c61dd7c0 Uncommon trap: reason=class_check action=maybe_recompile pc=0x00000260ec8b75d8 method=org.springframework.util.ConcurrentReferenceHashMap.get(Ljava/lang/Object;)Ljava/lang/Object; @ 14 c2
Event: 16.570 Thread 0x00000260c61dd7c0 DEOPT PACKING pc=0x00000260ec8b75d8 sp=0x000000bcc13fc260
Event: 16.570 Thread 0x00000260c61dd7c0 DEOPT UNPACKING pc=0x00000260ec1b23a3 sp=0x000000bcc13fc238 mode 2
Event: 16.579 Thread 0x00000260c61dd7c0 Uncommon trap: trap_request=0xffffffde fr.pc=0x00000260ec8b75d8 relative=0x00000000000021b8
Event: 16.579 Thread 0x00000260c61dd7c0 Uncommon trap: reason=class_check action=maybe_recompile pc=0x00000260ec8b75d8 method=org.springframework.util.ConcurrentReferenceHashMap.get(Ljava/lang/Object;)Ljava/lang/Object; @ 14 c2
Event: 16.579 Thread 0x00000260c61dd7c0 DEOPT PACKING pc=0x00000260ec8b75d8 sp=0x000000bcc13fc260
Event: 16.579 Thread 0x00000260c61dd7c0 DEOPT UNPACKING pc=0x00000260ec1b23a3 sp=0x000000bcc13fc238 mode 2
Event: 16.579 Thread 0x00000260c61dd7c0 Uncommon trap: trap_request=0xffffffde fr.pc=0x00000260ec8b75d8 relative=0x00000000000021b8
Event: 16.579 Thread 0x00000260c61dd7c0 Uncommon trap: reason=class_check action=maybe_recompile pc=0x00000260ec8b75d8 method=org.springframework.util.ConcurrentReferenceHashMap.get(Ljava/lang/Object;)Ljava/lang/Object; @ 14 c2
Event: 16.579 Thread 0x00000260c61dd7c0 DEOPT PACKING pc=0x00000260ec8b75d8 sp=0x000000bcc13fc260
Event: 16.579 Thread 0x00000260c61dd7c0 DEOPT UNPACKING pc=0x00000260ec1b23a3 sp=0x000000bcc13fc238 mode 2
Event: 16.583 Thread 0x00000260c61dd7c0 Uncommon trap: trap_request=0xffffffde fr.pc=0x00000260ec8bab68 relative=0x0000000000000228
Event: 16.583 Thread 0x00000260c61dd7c0 Uncommon trap: reason=class_check action=maybe_recompile pc=0x00000260ec8bab68 method=org.springframework.util.ConcurrentReferenceHashMap.get(Ljava/lang/Object;)Ljava/lang/Object; @ 14 c2
Event: 16.583 Thread 0x00000260c61dd7c0 DEOPT PACKING pc=0x00000260ec8bab68 sp=0x000000bcc13fc270
Event: 16.583 Thread 0x00000260c61dd7c0 DEOPT UNPACKING pc=0x00000260ec1b23a3 sp=0x000000bcc13fc230 mode 2
Event: 17.026 Thread 0x00000260c61dd7c0 DEOPT PACKING pc=0x00000260e5563f13 sp=0x000000bcc13fbd80
Event: 17.026 Thread 0x00000260c61dd7c0 DEOPT UNPACKING pc=0x00000260ec1b2b43 sp=0x000000bcc13fb228 mode 0

Classes unloaded (0 events):
No events

Classes redefined (0 events):
No events

Internal exceptions (20 events):
Event: 14.074 Thread 0x00000260c61dd7c0 Exception <a 'java/lang/NoSuchMethodError'{0x0000000089ad9038}: 'int java.lang.invoke.DirectMethodHandle$Holder.invokeStatic(java.lang.Object, java.lang.Object, java.lang.Object, java.lang.Object, java.lang.Object)'> (0x0000000089ad9038) 
thrown [s\open\src\hotspot\share\interpreter\linkResolver.cpp, line 759]
Event: 14.112 Thread 0x00000260c61dd7c0 Exception <a 'java/lang/NoSuchMethodError'{0x00000000899af910}: 'void java.lang.invoke.DirectMethodHandle$Holder.invokeInterface(java.lang.Object, java.lang.Object, int, java.lang.Object)'> (0x00000000899af910) 
thrown [s\open\src\hotspot\share\interpreter\linkResolver.cpp, line 759]
Event: 14.119 Thread 0x00000260c61dd7c0 Exception <a 'java/lang/NoSuchMethodError'{0x00000000899df2e8}: 'java.lang.Object java.lang.invoke.DirectMethodHandle$Holder.newInvokeSpecial(java.lang.Object, java.lang.Object, int, java.lang.Object)'> (0x00000000899df2e8) 
thrown [s\open\src\hotspot\share\interpreter\linkResolver.cpp, line 759]
Event: 14.119 Thread 0x00000260c61dd7c0 Exception <a 'java/lang/NoSuchMethodError'{0x00000000899e3100}: 'java.lang.Object java.lang.invoke.Invokers$Holder.linkToTargetMethod(java.lang.Object, int, java.lang.Object, java.lang.Object)'> (0x00000000899e3100) 
thrown [s\open\src\hotspot\share\interpreter\linkResolver.cpp, line 759]
Event: 14.176 Thread 0x00000260c61dd7c0 Exception <a 'java/lang/IncompatibleClassChangeError'{0x000000008529ec30}: Found class java.lang.Object, but interface was expected> (0x000000008529ec30) 
thrown [s\open\src\hotspot\share\interpreter\linkResolver.cpp, line 826]
Event: 14.313 Thread 0x00000260c61dd7c0 Exception <a 'java/lang/NoSuchMethodError'{0x000000008503d850}: 'java.lang.Object java.lang.invoke.DirectMethodHandle$Holder.newInvokeSpecial(java.lang.Object, java.lang.Object, java.lang.Object, java.lang.Object, java.lang.Object, int, java.lang.Object)'> (0x000000008503d850) 
thrown [s\open\src\hotspot\share\interpreter\linkResolver.cpp, line 759]
Event: 14.343 Thread 0x00000260c61dd7c0 Exception <a 'java/lang/NoSuchMethodError'{0x0000000085097770}: 'java.lang.Object java.lang.invoke.DirectMethodHandle$Holder.newInvokeSpecial(java.lang.Object, java.lang.Object, java.lang.Object, java.lang.Object, java.lang.Object, java.lang.Object, java.lang.Object, java.lang.Object, java.lang.Object, java.lang.Object, java.lang.Object)'> (0x0000000085097770) 
thrown [s\open\src\hotspot\share\interpreter\linkResolver.cpp, line 759]
Event: 14.345 Thread 0x00000260c61dd7c0 Exception <a 'java/lang/NoSuchMethodError'{0x000000008509c480}: 'java.lang.Object java.lang.invoke.DirectMethodHandle$Holder.invokeSpecial(java.lang.Object, java.lang.Object, java.lang.Object, java.lang.Object, java.lang.Object, java.lang.Object, java.lang.Object, java.lang.Object, java.lang.Object, java.lang.Object, java.lang.Object, java.lang.Object)'> (0x000000008509c480) 
thrown [s\open\src\hotspot\share\interpreter\linkResolver.cpp, line 759]
Event: 14.346 Thread 0x00000260c61dd7c0 Exception <a 'java/lang/NoSuchMethodError'{0x00000000850a0a20}: 'java.lang.Object java.lang.invoke.Invokers$Holder.linkToTargetMethod(java.lang.Object, java.lang.Object, java.lang.Object, java.lang.Object, java.lang.Object, java.lang.Object, java.lang.Object, java.lang.Object, java.lang.Object, java.lang.Object, java.lang.Object)'> (0x00000000850a0a20) 
thrown [s\open\src\hotspot\share\interpreter\linkResolver.cpp, line 759]
Event: 14.476 Thread 0x00000260c61dd7c0 Exception <a 'java/lang/NoSuchMethodError'{0x0000000084ea6c10}: 'java.lang.Object java.lang.invoke.DirectMethodHandle$Holder.newInvokeSpecial(java.lang.Object, java.lang.Object, java.lang.Object, java.lang.Object, java.lang.Object, java.lang.Object, java.lang.Object, int)'> (0x0000000084ea6c10) 
thrown [s\open\src\hotspot\share\interpreter\linkResolver.cpp, line 759]
Event: 14.478 Thread 0x00000260c61dd7c0 Exception <a 'java/lang/NoSuchMethodError'{0x0000000084eabc08}: 'java.lang.Object java.lang.invoke.DirectMethodHandle$Holder.invokeSpecial(java.lang.Object, java.lang.Object, java.lang.Object, java.lang.Object, java.lang.Object, java.lang.Object, java.lang.Object, java.lang.Object, int)'> (0x0000000084eabc08) 
thrown [s\open\src\hotspot\share\interpreter\linkResolver.cpp, line 759]
Event: 14.479 Thread 0x00000260c61dd7c0 Exception <a 'java/lang/NoSuchMethodError'{0x0000000084eb06d0}: 'java.lang.Object java.lang.invoke.Invokers$Holder.linkToTargetMethod(java.lang.Object, java.lang.Object, java.lang.Object, java.lang.Object, java.lang.Object, java.lang.Object, int, java.lang.Object)'> (0x0000000084eb06d0) 
thrown [s\open\src\hotspot\share\interpreter\linkResolver.cpp, line 759]
Event: 14.573 Thread 0x00000260c61dd7c0 Exception <a 'java/lang/NoSuchMethodError'{0x0000000084c08218}: 'java.lang.Object java.lang.invoke.DirectMethodHandle$Holder.newInvokeSpecial(java.lang.Object, java.lang.Object, int, java.lang.Object, int, java.lang.Object, java.lang.Object)'> (0x0000000084c08218) 
thrown [s\open\src\hotspot\share\interpreter\linkResolver.cpp, line 759]
Event: 14.594 Thread 0x00000260c61dd7c0 Exception <a 'java/lang/NoSuchMethodError'{0x0000000084c40880}: 'void java.lang.invoke.DirectMethodHandle$Holder.invokeInterface(java.lang.Object, java.lang.Object)'> (0x0000000084c40880) 
thrown [s\open\src\hotspot\share\interpreter\linkResolver.cpp, line 759]
Event: 15.811 Thread 0x00000260c61dd7c0 Exception <a 'java/lang/NoSuchMethodError'{0x0000000084754f70}: 'java.lang.Object java.lang.invoke.DirectMethodHandle$Holder.invokeSpecial(java.lang.Object, java.lang.Object, int, java.lang.Object, int)'> (0x0000000084754f70) 
thrown [s\open\src\hotspot\share\interpreter\linkResolver.cpp, line 759]
Event: 16.172 Thread 0x00000260c61dd7c0 Exception <a 'java/lang/IncompatibleClassChangeError'{0x0000000089bbfe28}: Found class java.lang.Object, but interface was expected> (0x0000000089bbfe28) 
thrown [s\open\src\hotspot\share\interpreter\linkResolver.cpp, line 826]
Event: 16.201 Thread 0x00000260c61dd7c0 Exception <a 'java/lang/IncompatibleClassChangeError'{0x0000000089a4a460}: Found class java.lang.Object, but interface was expected> (0x0000000089a4a460) 
thrown [s\open\src\hotspot\share\interpreter\linkResolver.cpp, line 826]
Event: 16.292 Thread 0x00000260c61dd7c0 Exception <a 'java/lang/IncompatibleClassChangeError'{0x00000000899dbbe0}: Found class java.lang.Object, but interface was expected> (0x00000000899dbbe0) 
thrown [s\open\src\hotspot\share\interpreter\linkResolver.cpp, line 826]
Event: 16.877 Thread 0x00000260c61dd7c0 Exception <a 'java/lang/IncompatibleClassChangeError'{0x000000008a1a6998}: Found class java.lang.Object, but interface was expected> (0x000000008a1a6998) 
thrown [s\open\src\hotspot\share\interpreter\linkResolver.cpp, line 826]
Event: 16.896 Thread 0x00000260c61dd7c0 Exception <a 'java/lang/NoSuchMethodError'{0x000000008a1f09b0}: 'void java.lang.invoke.DirectMethodHandle$Holder.invokeSpecial(java.lang.Object, java.lang.Object, java.lang.Object, java.lang.Object, java.lang.Object, java.lang.Object, java.lang.Object)'> (0x000000008a1f09b0) 
thrown [s\open\src\hotspot\share\interpreter\linkResolver.cpp, line 759]

VM Operations (20 events):
Event: 14.822 Executing VM operation: Cleanup
Event: 14.823 Executing VM operation: Cleanup done
Event: 15.836 Executing VM operation: Cleanup
Event: 15.837 Executing VM operation: Cleanup done
Event: 15.921 Executing VM operation: G1CollectForAllocation
Event: 15.924 Executing VM operation: G1CollectForAllocation done
Event: 16.558 Executing VM operation: HandshakeAllThreads
Event: 16.558 Executing VM operation: HandshakeAllThreads done
Event: 16.597 Executing VM operation: ICBufferFull
Event: 16.597 Executing VM operation: ICBufferFull done
Event: 16.851 Executing VM operation: CollectForMetadataAllocation
Event: 16.856 Executing VM operation: CollectForMetadataAllocation done
Event: 16.900 Executing VM operation: G1Concurrent
Event: 16.923 Executing VM operation: G1Concurrent done
Event: 16.942 Executing VM operation: G1Concurrent
Event: 16.945 Executing VM operation: G1Concurrent done
Event: 17.230 Executing VM operation: HandshakeAllThreads
Event: 17.230 Executing VM operation: HandshakeAllThreads done
Event: 17.231 Executing VM operation: HandshakeAllThreads
Event: 17.231 Executing VM operation: HandshakeAllThreads done

Events (20 events):
Event: 16.063 loading class sun/reflect/generics/reflectiveObjects/GenericArrayTypeImpl
Event: 16.064 loading class sun/reflect/generics/reflectiveObjects/GenericArrayTypeImpl done
Event: 16.170 loading class java/util/concurrent/ConcurrentHashMap$TreeNode
Event: 16.171 loading class java/util/concurrent/ConcurrentHashMap$TreeNode done
Event: 16.171 loading class java/util/concurrent/ConcurrentHashMap$TreeBin
Event: 16.172 loading class java/util/concurrent/ConcurrentHashMap$TreeBin done
Event: 16.610 loading class java/util/WeakHashMap$KeyIterator
Event: 16.611 loading class java/util/WeakHashMap$HashIterator
Event: 16.612 loading class java/util/WeakHashMap$HashIterator done
Event: 16.612 loading class java/util/WeakHashMap$KeyIterator done
Event: 16.612 loading class java/util/WeakHashMap$EntrySet
Event: 16.613 loading class java/util/WeakHashMap$EntrySet done
Event: 16.613 loading class java/util/WeakHashMap$EntryIterator
Event: 16.613 loading class java/util/WeakHashMap$EntryIterator done
Event: 16.891 loading class java/lang/Package$1PackageInfoProxy
Event: 16.892 loading class java/lang/Package$1PackageInfoProxy done
Event: 17.277 loading class java/util/stream/ReduceOps$5
Event: 17.277 loading class java/util/stream/ReduceOps$5 done
Event: 17.277 loading class java/util/stream/ReduceOps$CountingSink$OfRef
Event: 17.278 loading class java/util/stream/ReduceOps$CountingSink$OfRef done


Dynamic libraries:
0x00007ff795380000 - 0x00007ff795390000 	C:\Program Files\Java\jdk-17\bin\java.exe
0x00007ffda2010000 - 0x00007ffda2227000 	C:\WINDOWS\SYSTEM32\ntdll.dll
0x00007ffda0d00000 - 0x00007ffda0dc4000 	C:\WINDOWS\System32\KERNEL32.DLL
0x00007ffd9f7a0000 - 0x00007ffd9fb46000 	C:\WINDOWS\System32\KERNELBASE.dll
0x00007ffd9f550000 - 0x00007ffd9f661000 	C:\WINDOWS\System32\ucrtbase.dll
0x00007ffd67be0000 - 0x00007ffd67bf9000 	C:\Program Files\Java\jdk-17\bin\jli.dll
0x00007ffd673f0000 - 0x00007ffd6740b000 	C:\Program Files\Java\jdk-17\bin\VCRUNTIME140.dll
0x00007ffda19e0000 - 0x00007ffda1a91000 	C:\WINDOWS\System32\ADVAPI32.dll
0x00007ffd9fdd0000 - 0x00007ffd9fe77000 	C:\WINDOWS\System32\msvcrt.dll
0x00007ffda1af0000 - 0x00007ffda1b95000 	C:\WINDOWS\System32\sechost.dll
0x00007ffda1eb0000 - 0x00007ffda1fc7000 	C:\WINDOWS\System32\RPCRT4.dll
0x00007ffda1c80000 - 0x00007ffda1e2e000 	C:\WINDOWS\System32\USER32.dll
0x00007ffd8e2f0000 - 0x00007ffd8e583000 	C:\WINDOWS\WinSxS\amd64_microsoft.windows.common-controls_6595b64144ccf1df_6.0.22621.2506_none_270c5ae97388e100\COMCTL32.dll
0x00007ffd9f4a0000 - 0x00007ffd9f4c6000 	C:\WINDOWS\System32\win32u.dll
0x00007ffda1aa0000 - 0x00007ffda1ac9000 	C:\WINDOWS\System32\GDI32.dll
0x00007ffd9f380000 - 0x00007ffd9f498000 	C:\WINDOWS\System32\gdi32full.dll
0x00007ffd9a060000 - 0x00007ffd9a06a000 	C:\WINDOWS\SYSTEM32\VERSION.dll
0x00007ffd9fb50000 - 0x00007ffd9fbea000 	C:\WINDOWS\System32\msvcp_win.dll
0x00007ffd9fe80000 - 0x00007ffd9feb1000 	C:\WINDOWS\System32\IMM32.DLL
0x00007ffd67d50000 - 0x00007ffd67d5c000 	C:\Program Files\Java\jdk-17\bin\vcruntime140_1.dll
0x00007ffd595c0000 - 0x00007ffd5964e000 	C:\Program Files\Java\jdk-17\bin\msvcp140.dll
0x00007ffd570b0000 - 0x00007ffd57c8e000 	C:\Program Files\Java\jdk-17\bin\server\jvm.dll
0x00007ffda1bf0000 - 0x00007ffda1bf8000 	C:\WINDOWS\System32\PSAPI.DLL
0x00007ffd9a450000 - 0x00007ffd9a484000 	C:\WINDOWS\SYSTEM32\WINMM.dll
0x00007ffd491d0000 - 0x00007ffd491d9000 	C:\WINDOWS\SYSTEM32\WSOCK32.dll
0x00007ffda1e30000 - 0x00007ffda1ea1000 	C:\WINDOWS\System32\WS2_32.dll
0x00007ffd9e2e0000 - 0x00007ffd9e2f8000 	C:\WINDOWS\SYSTEM32\kernel.appcore.dll
0x00007ffd67bb0000 - 0x00007ffd67bba000 	C:\Program Files\Java\jdk-17\bin\jimage.dll
0x00007ffd976d0000 - 0x00007ffd97903000 	C:\WINDOWS\SYSTEM32\DBGHELP.DLL
0x00007ffda11d0000 - 0x00007ffda1559000 	C:\WINDOWS\System32\combase.dll
0x00007ffda10f0000 - 0x00007ffda11c7000 	C:\WINDOWS\System32\OLEAUT32.dll
0x00007ffd97260000 - 0x00007ffd97292000 	C:\WINDOWS\SYSTEM32\dbgcore.DLL
0x00007ffd9f4d0000 - 0x00007ffd9f54a000 	C:\WINDOWS\System32\bcryptPrimitives.dll
0x00007ffd59720000 - 0x00007ffd59745000 	C:\Program Files\Java\jdk-17\bin\java.dll
0x00007ffd592c0000 - 0x00007ffd59397000 	C:\Program Files\Java\jdk-17\bin\jsvml.dll
0x00007ffda0020000 - 0x00007ffda087a000 	C:\WINDOWS\System32\SHELL32.dll
0x00007ffd9d250000 - 0x00007ffd9db46000 	C:\WINDOWS\SYSTEM32\windows.storage.dll
0x00007ffd9d110000 - 0x00007ffd9d24e000 	C:\WINDOWS\SYSTEM32\wintypes.dll
0x00007ffda1820000 - 0x00007ffda1913000 	C:\WINDOWS\System32\SHCORE.dll
0x00007ffd9fd70000 - 0x00007ffd9fdce000 	C:\WINDOWS\System32\shlwapi.dll
0x00007ffd9f2b0000 - 0x00007ffd9f2d6000 	C:\WINDOWS\SYSTEM32\profapi.dll
0x00007ffd67bc0000 - 0x00007ffd67bd9000 	C:\Program Files\Java\jdk-17\bin\net.dll
0x00007ffd96d30000 - 0x00007ffd96e67000 	C:\WINDOWS\SYSTEM32\WINHTTP.dll
0x00007ffd9e8b0000 - 0x00007ffd9e919000 	C:\WINDOWS\system32\mswsock.dll
0x00007ffd67410000 - 0x00007ffd67426000 	C:\Program Files\Java\jdk-17\bin\nio.dll
0x00007ffd59440000 - 0x00007ffd59458000 	C:\Program Files\Java\jdk-17\bin\zip.dll
0x00007ffd626a0000 - 0x00007ffd626aa000 	C:\Program Files\Java\jdk-17\bin\management.dll
0x00007ffd5fd00000 - 0x00007ffd5fd0b000 	C:\Program Files\Java\jdk-17\bin\management_ext.dll
0x00007ffd3abe0000 - 0x00007ffd3abf7000 	C:\WINDOWS\system32\napinsp.dll
0x00007ffd3abc0000 - 0x00007ffd3abdb000 	C:\WINDOWS\system32\pnrpnsp.dll
0x00007ffd9de20000 - 0x00007ffd9df19000 	C:\WINDOWS\SYSTEM32\DNSAPI.dll
0x00007ffd9ddb0000 - 0x00007ffd9dddd000 	C:\WINDOWS\SYSTEM32\IPHLPAPI.DLL
0x00007ffda10e0000 - 0x00007ffda10e9000 	C:\WINDOWS\System32\NSI.dll
0x00007ffd39a00000 - 0x00007ffd39a11000 	C:\WINDOWS\System32\winrnr.dll
0x00007ffd6e6b0000 - 0x00007ffd6e6c5000 	C:\WINDOWS\system32\wshbth.dll
0x00007ffd3ac00000 - 0x00007ffd3ac21000 	C:\WINDOWS\system32\nlansp_c.dll
0x00007ffd94d50000 - 0x00007ffd94d5a000 	C:\Windows\System32\rasadhlp.dll
0x00007ffd96570000 - 0x00007ffd965f3000 	C:\WINDOWS\System32\fwpuclnt.dll
0x00007ffd9eae0000 - 0x00007ffd9eafb000 	C:\WINDOWS\SYSTEM32\CRYPTSP.dll
0x00007ffd9e2a0000 - 0x00007ffd9e2d5000 	C:\WINDOWS\system32\rsaenh.dll
0x00007ffd9e970000 - 0x00007ffd9e99c000 	C:\WINDOWS\SYSTEM32\USERENV.dll
0x00007ffd9ed30000 - 0x00007ffd9ed58000 	C:\WINDOWS\SYSTEM32\bcrypt.dll
0x00007ffd9eb10000 - 0x00007ffd9eb1c000 	C:\WINDOWS\SYSTEM32\CRYPTBASE.dll
0x00007ffd96fb0000 - 0x00007ffd96fc9000 	C:\WINDOWS\SYSTEM32\dhcpcsvc6.DLL
0x00007ffd96cc0000 - 0x00007ffd96cdf000 	C:\WINDOWS\SYSTEM32\dhcpcsvc.DLL
0x00007ffd5ad80000 - 0x00007ffd5ad8e000 	C:\Program Files\Java\jdk-17\bin\sunmscapi.dll
0x00007ffd9fbf0000 - 0x00007ffd9fd56000 	C:\WINDOWS\System32\CRYPT32.dll
0x00007ffd9ed00000 - 0x00007ffd9ed2d000 	C:\WINDOWS\SYSTEM32\ncrypt.dll
0x00007ffd9ecc0000 - 0x00007ffd9ecf7000 	C:\WINDOWS\SYSTEM32\NTASN1.dll
0x00007ffd593a0000 - 0x00007ffd593b0000 	C:\Program Files\Java\jdk-17\bin\verify.dll

dbghelp: loaded successfully - version: 4.0.5 - missing functions: none
symbol engine: initialized successfully - sym options: 0x614 - pdb path: .;C:\Program Files\Java\jdk-17\bin;C:\WINDOWS\SYSTEM32;C:\WINDOWS\WinSxS\amd64_microsoft.windows.common-controls_6595b64144ccf1df_6.0.22621.2506_none_270c5ae97388e100;C:\Program Files\Java\jdk-17\bin\server

VM Arguments:
jvm_args: -Dcom.sun.management.jmxremote -Dcom.sun.management.jmxremote.port=57515 -Dcom.sun.management.jmxremote.authenticate=false -Dcom.sun.management.jmxremote.ssl=false -Dspring.jmx.enabled=true -Djava.rmi.server.hostname=localhost -Dspring.application.admin.enabled=true -Dspring.boot.project.name=catalogue -XX:+ShowCodeDetailsInExceptionMessages 
java_command: com.apapedia.catalogue.CatalogueApplication
java_class_path (initial): E:\kuliah\Semester 5\APAP\Tugas Kelompok Hampir Kelar\ta_a_ayu_14\catalogue\bin\main;E:\kuliah\Semester 5\APAP\Tugas Kelompok Hampir Kelar\ta_a_ayu_14\catalogue\bin\test;E:\kuliah\Semester 5\APAP\Tugas Kelompok Hampir Kelar\ta_a_ayu_14\catalogue\bin\default;C:\Users\ASUS\.gradle\caches\modules-2\files-2.1\org.projectlombok\lombok\1.18.26\8f8cf0372abf564913e9796623aac4c8ea44025a\lombok-1.18.26.jar;C:\Users\ASUS\.gradle\caches\modules-2\files-2.1\org.mapstruct\mapstruct-processor\1.5.0.Final\23b0051919e752ec3f1526d6b18dcab4eb4a515d\mapstruct-processor-1.5.0.Final.jar;C:\Users\ASUS\.gradle\caches\modules-2\files-2.1\com.github.javafaker\javafaker\1.0.2\be0ff271b1208416822db4438864df47f90af92f\javafaker-1.0.2.jar;C:\Users\ASUS\.gradle\caches\modules-2\files-2.1\org.springframework.boot\spring-boot-starter-thymeleaf\3.1.5\3d5f1bff03e5e58b065ca230b7ee24b84bf7fe75\spring-boot-starter-thymeleaf-3.1.5.jar;C:\Users\ASUS\.gradle\caches\modules-2\files-2.1\org.springframework.boot\spring-boot-starter-validation\2.7.3\c2e59c8d4df01dfecbdeac96693944ffcb2527ae\spring-boot-starter-validation-2.7.3.jar;C:\Users\ASUS\.gradle\caches\modules-2\files-2.1\org.springframework.boot\spring-boot-starter-web\3.1.5\3674e5603cc25bc4dccf73b97d50234332fc3d72\spring-boot-starter-web-3.1.5.jar;C:\Users\ASUS\.gradle\caches\modules-2\files-2.1\org.springframework.boot\spring-boot-starter-data-jpa\3.1.5\5fdcfab1fe9d6dddf4352d71f5ed879eb1aa92c2\spring-boot-starter-data-jpa-3.1.5.jar;C:\Users\ASUS\.gradle\caches\modules-2\files-2.1\org.mapstruct\mapstruct\1.5.0.Final\5ddc1ae583f0ac6ab4302524121474fb9396d74a\mapstruct-1.5.0.Final.jar;C:\Users\ASUS\.gradle\caches\modules-2\files-2.1\org.springframework.boot\spring-boot-starter-webflux\3.1.5\705d73f0e0a172faeaecab668d2363802ddd6177\spring-boot-starter-webflux-3.1.5.jar;C:\Users\ASUS\.gradle\caches\modules-2\files-2.1\org.springframework.boot\spring-boot-starter-json\3.1.5\36ce79c1a5c63ffd72b092eb312cb35ac6edb128\spring-boot-sta
Launcher Type: SUN_STANDARD

[Global flags]
     intx CICompilerCount                          = 4                                         {product} {ergonomic}
     uint ConcGCThreads                            = 2                                         {product} {ergonomic}
     uint G1ConcRefinementThreads                  = 8                                         {product} {ergonomic}
   size_t G1HeapRegionSize                         = 1048576                                   {product} {ergonomic}
    uintx GCDrainStackTargetSize                   = 64                                        {product} {ergonomic}
   size_t InitialHeapSize                          = 132120576                                 {product} {ergonomic}
     bool ManagementServer                         = true                                      {product} {command line}
   size_t MarkStackSize                            = 4194304                                   {product} {ergonomic}
   size_t MaxHeapSize                              = 2109734912                                {product} {ergonomic}
   size_t MaxNewSize                               = 1265631232                                {product} {ergonomic}
   size_t MinHeapDeltaBytes                        = 1048576                                   {product} {ergonomic}
   size_t MinHeapSize                              = 8388608                                   {product} {ergonomic}
    uintx NonNMethodCodeHeapSize                   = 5839372                                {pd product} {ergonomic}
    uintx NonProfiledCodeHeapSize                  = 122909434                              {pd product} {ergonomic}
    uintx ProfiledCodeHeapSize                     = 122909434                              {pd product} {ergonomic}
    uintx ReservedCodeCacheSize                    = 251658240                              {pd product} {ergonomic}
     bool SegmentedCodeCache                       = true                                      {product} {ergonomic}
     bool ShowCodeDetailsInExceptionMessages       = true                                   {manageable} {command line}
   size_t SoftMaxHeapSize                          = 2109734912                             {manageable} {ergonomic}
     bool UseCompressedClassPointers               = true                           {product lp64_product} {ergonomic}
     bool UseCompressedOops                        = true                           {product lp64_product} {ergonomic}
     bool UseG1GC                                  = true                                      {product} {ergonomic}
     bool UseLargePagesIndividualAllocation        = false                                  {pd product} {ergonomic}

Logging:
Log output configuration:
 #0: stdout all=warning uptime,level,tags
 #1: stderr all=off uptime,level,tags

Environment Variables:
JAVA_HOME=C:\Program Files\Java\jdk-17
PATH=C:\Program Files\Java\jdk-17\bin;C:\Program Files\Common Files\Oracle\Java\javapath;C:\Windows\system32;C:\Windows;C:\Windows\System32\Wbem;C:\Windows\System32\WindowsPowerShell\v1.0\;C:\Windows\System32\OpenSSH\;C:\Program Files (x86)\NVIDIA Corporation\PhysX\Common;C:\Program Files\Git\cmd;C:\WINDOWS\system32;C:\WINDOWS;C:\WINDOWS\System32\Wbem;C:\WINDOWS\System32\WindowsPowerShell\v1.0\;C:\WINDOWS\System32\OpenSSH\;C:\Program Files\PuTTY\;;C:\Program Files\Docker\Docker\resources\bin;C:\Users\ASUS\AppData\Local\Programs\Python\Python310\Scripts\;C:\Users\ASUS\AppData\Local\Programs\Python\Python310\;C:\Users\ASUS\AppData\Local\Microsoft\WindowsApps;C:\Users\ASUS\AppData\Local\Programs\Microsoft VS Code\bin;C:\src\flutter\bin;
USERNAME=ASUS
LANG=en_US.UTF-8
OS=Windows_NT
PROCESSOR_IDENTIFIER=Intel64 Family 6 Model 142 Stepping 12, GenuineIntel



---------------  S Y S T E M  ---------------

OS:
 Windows 11 , 64 bit Build 22621 (10.0.22621.2506)
OS uptime: 0 days 15:22 hours
Hyper-V role detected

CPU: total 8 (initial active 8) (4 cores per cpu, 2 threads per core) family 6 model 142 stepping 12 microcode 0xde, cx8, cmov, fxsr, ht, mmx, 3dnowpref, sse, sse2, sse3, ssse3, sse4.1, sse4.2, popcnt, lzcnt, tsc, tscinvbit, avx, avx2, aes, erms, clmul, bmi1, bmi2, adx, fma, vzeroupper, clflush, clflushopt, hv

Memory: 4k page, system-wide physical 8042M (437M free)
TotalPageFile size 32618M (AvailPageFile size 7M)
current process WorkingSet (physical memory assigned to process): 245M, peak: 250M
current process commit charge ("private bytes"): 285M, peak: 289M

vm_info: Java HotSpot(TM) 64-Bit Server VM (17.0.8+9-LTS-211) for windows-amd64 JRE (17.0.8+9-LTS-211), built on Jun 14 2023 10:34:31 by "mach5one" with MS VC++ 17.1 (VS2022)

END.
